<?xml version="1.0" encoding="UTF-8"?>
<testsuite xmlns:xsi="http://www.w3.org/2001/XMLSchema-instance" xsi:noNamespaceSchemaLocation="https://maven.apache.org/surefire/maven-surefire-plugin/xsd/surefire-test-report.xsd" name="org.sopra2020.schneeimsommer.AppTest" time="0.041" tests="1" errors="0" skipped="0" failures="0">
  <properties>
    <property name="sun.desktop" value="windows"/>
    <property name="awt.toolkit" value="sun.awt.windows.WToolkit"/>
    <property name="file.encoding.pkg" value="sun.io"/>
    <property name="java.specification.version" value="1.8"/>
    <property name="sun.cpu.isalist" value="amd64"/>
    <property name="sun.jnu.encoding" value="Cp1252"/>
    <property name="java.class.path" value="C:\Users\Lennart\Documents\GitHub\SoPra2020\schneeimsommer\target\test-classes;C:\Users\Lennart\Documents\GitHub\SoPra2020\schneeimsommer\target\classes;C:\Users\Lennart\.m2\repository\junit\junit\4.11\junit-4.11.jar;C:\Users\Lennart\.m2\repository\org\hamcrest\hamcrest-core\1.3\hamcrest-core-1.3.jar;C:\Users\Lennart\.m2\repository\org\esa\snap\snap-core\7.0.0-SNAPSHOT\snap-core-7.0.0-SNAPSHOT.jar;C:\Users\Lennart\.m2\repository\org\esa\snap\ceres-core\7.0.0-SNAPSHOT\ceres-core-7.0.0-SNAPSHOT.jar;C:\Users\Lennart\.m2\repository\com\thoughtworks\xstream\xstream\1.4.8\xstream-1.4.8.jar;C:\Users\Lennart\.m2\repository\xmlpull\xmlpull\1.1.3.1\xmlpull-1.1.3.1.jar;C:\Users\Lennart\.m2\repository\xpp3\xpp3_min\1.1.4c\xpp3_min-1.1.4c.jar;C:\Users\Lennart\.m2\repository\org\jdom\jdom2\2.0.4\jdom2-2.0.4.jar;C:\Users\Lennart\.m2\repository\commons-lang\commons-lang\2.6\commons-lang-2.6.jar;C:\Users\Lennart\.m2\repository\commons-logging\commons-logging\1.1.1\commons-logging-1.1.1.jar;C:\Users\Lennart\.m2\repository\commons-cli\commons-cli\1.2\commons-cli-1.2.jar;C:\Users\Lennart\.m2\repository\commons-collections\commons-collections\3.2.2\commons-collections-3.2.2.jar;C:\Users\Lennart\.m2\repository\org\apache\velocity\velocity\1.7\velocity-1.7.jar;C:\Users\Lennart\.m2\repository\org\jfree\jfreechart\1.0.14\jfreechart-1.0.14.jar;C:\Users\Lennart\.m2\repository\org\jfree\jcommon\1.0.17\jcommon-1.0.17.jar;C:\Users\Lennart\.m2\repository\org\esa\snap\ceres-binding\7.0.0-SNAPSHOT\ceres-binding-7.0.0-SNAPSHOT.jar;C:\Users\Lennart\.m2\repository\org\esa\snap\ceres-binio\7.0.0-SNAPSHOT\ceres-binio-7.0.0-SNAPSHOT.jar;C:\Users\Lennart\.m2\repository\org\esa\snap\ceres-glayer\7.0.0-SNAPSHOT\ceres-glayer-7.0.0-SNAPSHOT.jar;C:\Users\Lennart\.m2\repository\org\esa\snap\ceres-jai\7.0.0-SNAPSHOT\ceres-jai-7.0.0-SNAPSHOT.jar;C:\Users\Lennart\.m2\repository\javax\media\jai\jai-core\1.1.3\jai-core-1.1.3.jar;C:\Users\Lennart\.m2\repository\javax\media\jai\jai-codec\1.1.3\jai-codec-1.1.3.jar;C:\Users\Lennart\.m2\repository\javax\media\jai\mlibwrapper-jai\1.1.3\mlibwrapper-jai-1.1.3.jar;C:\Users\Lennart\.m2\repository\com\sun\media\clibwrapper-jiio\1.2-20090918\clibwrapper-jiio-1.2-20090918.jar;C:\Users\Lennart\.m2\repository\com\sun\media\jai-imageio\1.2-SNAP-20150402\jai-imageio-1.2-SNAP-20150402.jar;C:\Users\Lennart\.m2\repository\rhino\js\1.7R1\js-1.7R1.jar;C:\Users\Lennart\.m2\repository\org\esa\snap\snap-runtime\7.0.0-SNAPSHOT\snap-runtime-7.0.0-SNAPSHOT.jar;C:\Users\Lennart\.m2\repository\org\jdom\jdom\1.1\jdom-1.1.jar;C:\Users\Lennart\.m2\repository\com\bc\jnn\jnn\1.7\jnn-1.7.jar;C:\Users\Lennart\.m2\repository\Jama\Jama\1.0.3\Jama-1.0.3.jar;C:\Users\Lennart\.m2\repository\org\geotools\gt-api\17.1\gt-api-17.1.jar;C:\Users\Lennart\.m2\repository\org\geotools\gt-main\17.1\gt-main-17.1.jar;C:\Users\Lennart\.m2\repository\org\geotools\gt-referencing\17.1\gt-referencing-17.1.jar;C:\Users\Lennart\.m2\repository\commons-pool\commons-pool\1.5.4\commons-pool-1.5.4.jar;C:\Users\Lennart\.m2\repository\org\geotools\gt-metadata\17.1\gt-metadata-17.1.jar;C:\Users\Lennart\.m2\repository\org\geotools\gt-opengis\17.1\gt-opengis-17.1.jar;C:\Users\Lennart\.m2\repository\net\java\dev\jsr-275\jsr-275\1.0-beta-2\jsr-275-1.0-beta-2.jar;C:\Users\Lennart\.m2\repository\jgridshift\jgridshift\1.0\jgridshift-1.0.jar;C:\Users\Lennart\.m2\repository\net\sf\geographiclib\GeographicLib-Java\1.44\GeographicLib-Java-1.44.jar;C:\Users\Lennart\.m2\repository\org\geotools\gt-geotiff\17.1\gt-geotiff-17.1.jar;C:\Users\Lennart\.m2\repository\org\geotools\gt-coverage\17.1\gt-coverage-17.1.jar;C:\Users\Lennart\.m2\repository\org\jaitools\jt-zonalstats\1.4.0\jt-zonalstats-1.4.0.jar;C:\Users\Lennart\.m2\repository\org\jaitools\jt-utils\1.4.0\jt-utils-1.4.0.jar;C:\Users\Lennart\.m2\repository\it\geosolutions\jaiext\affine\jt-affine\1.0.13\jt-affine-1.0.13.jar;C:\Users\Lennart\.m2\repository\it\geosolutions\jaiext\algebra\jt-algebra\1.0.13\jt-algebra-1.0.13.jar;C:\Users\Lennart\.m2\repository\it\geosolutions\jaiext\bandmerge\jt-bandmerge\1.0.13\jt-bandmerge-1.0.13.jar;C:\Users\Lennart\.m2\repository\it\geosolutions\jaiext\bandselect\jt-bandselect\1.0.13\jt-bandselect-1.0.13.jar;C:\Users\Lennart\.m2\repository\it\geosolutions\jaiext\bandcombine\jt-bandcombine\1.0.13\jt-bandcombine-1.0.13.jar;C:\Users\Lennart\.m2\repository\it\geosolutions\jaiext\border\jt-border\1.0.13\jt-border-1.0.13.jar;C:\Users\Lennart\.m2\repository\it\geosolutions\jaiext\buffer\jt-buffer\1.0.13\jt-buffer-1.0.13.jar;C:\Users\Lennart\.m2\repository\it\geosolutions\jaiext\crop\jt-crop\1.0.13\jt-crop-1.0.13.jar;C:\Users\Lennart\.m2\repository\it\geosolutions\jaiext\iterators\jt-iterators\1.0.13\jt-iterators-1.0.13.jar;C:\Users\Lennart\.m2\repository\it\geosolutions\jaiext\lookup\jt-lookup\1.0.13\jt-lookup-1.0.13.jar;C:\Users\Lennart\.m2\repository\it\geosolutions\jaiext\mosaic\jt-mosaic\1.0.13\jt-mosaic-1.0.13.jar;C:\Users\Lennart\.m2\repository\it\geosolutions\jaiext\nullop\jt-nullop\1.0.13\jt-nullop-1.0.13.jar;C:\Users\Lennart\.m2\repository\it\geosolutions\jaiext\rescale\jt-rescale\1.0.13\jt-rescale-1.0.13.jar;C:\Users\Lennart\.m2\repository\it\geosolutions\jaiext\scale\jt-scale\1.0.13\jt-scale-1.0.13.jar;C:\Users\Lennart\.m2\repository\it\geosolutions\jaiext\stats\jt-stats\1.0.13\jt-stats-1.0.13.jar;C:\Users\Lennart\.m2\repository\it\geosolutions\jaiext\translate\jt-translate\1.0.13\jt-translate-1.0.13.jar;C:\Users\Lennart\.m2\repository\it\geosolutions\jaiext\utilities\jt-utilities\1.0.13\jt-utilities-1.0.13.jar;C:\Users\Lennart\.m2\repository\it\geosolutions\jaiext\warp\jt-warp\1.0.13\jt-warp-1.0.13.jar;C:\Users\Lennart\.m2\repository\it\geosolutions\jaiext\zonal\jt-zonal\1.0.13\jt-zonal-1.0.13.jar;C:\Users\Lennart\.m2\repository\it\geosolutions\jaiext\binarize\jt-binarize\1.0.13\jt-binarize-1.0.13.jar;C:\Users\Lennart\.m2\repository\it\geosolutions\jaiext\format\jt-format\1.0.13\jt-format-1.0.13.jar;C:\Users\Lennart\.m2\repository\it\geosolutions\jaiext\colorconvert\jt-colorconvert\1.0.13\jt-colorconvert-1.0.13.jar;C:\Users\Lennart\.m2\repository\it\geosolutions\jaiext\errordiffusion\jt-errordiffusion\1.0.13\jt-errordiffusion-1.0.13.jar;C:\Users\Lennart\.m2\repository\it\geosolutions\jaiext\orderdither\jt-orderdither\1.0.13\jt-orderdither-1.0.13.jar;C:\Users\Lennart\.m2\repository\it\geosolutions\jaiext\colorindexer\jt-colorindexer\1.0.13\jt-colorindexer-1.0.13.jar;C:\Users\Lennart\.m2\repository\it\geosolutions\jaiext\imagefunction\jt-imagefunction\1.0.13\jt-imagefunction-1.0.13.jar;C:\Users\Lennart\.m2\repository\it\geosolutions\jaiext\piecewise\jt-piecewise\1.0.13\jt-piecewise-1.0.13.jar;C:\Users\Lennart\.m2\repository\it\geosolutions\jaiext\classifier\jt-classifier\1.0.13\jt-classifier-1.0.13.jar;C:\Users\Lennart\.m2\repository\it\geosolutions\jaiext\rlookup\jt-rlookup\1.0.13\jt-rlookup-1.0.13.jar;C:\Users\Lennart\.m2\repository\it\geosolutions\jaiext\vectorbin\jt-vectorbin\1.0.13\jt-vectorbin-1.0.13.jar;C:\Users\Lennart\.m2\repository\org\geotools\gt-epsg-hsql\17.1\gt-epsg-hsql-17.1.jar;C:\Users\Lennart\.m2\repository\org\hsqldb\hsqldb\2.3.0\hsqldb-2.3.0.jar;C:\Users\Lennart\.m2\repository\org\geotools\gt-shapefile\17.1\gt-shapefile-17.1.jar;C:\Users\Lennart\.m2\repository\org\geotools\gt-data\17.1\gt-data-17.1.jar;C:\Users\Lennart\.m2\repository\org\geotools\gt-cql\17.1\gt-cql-17.1.jar;C:\Users\Lennart\.m2\repository\org\geotools\gt-wms\17.1\gt-wms-17.1.jar;C:\Users\Lennart\.m2\repository\commons-httpclient\commons-httpclient\3.1\commons-httpclient-3.1.jar;C:\Users\Lennart\.m2\repository\commons-codec\commons-codec\1.2\commons-codec-1.2.jar;C:\Users\Lennart\.m2\repository\org\geotools\gt-xml\17.1\gt-xml-17.1.jar;C:\Users\Lennart\.m2\repository\org\apache\xml\xml-commons-resolver\1.2\xml-commons-resolver-1.2.jar;C:\Users\Lennart\.m2\repository\org\geotools\gt-render\17.1\gt-render-17.1.jar;C:\Users\Lennart\.m2\repository\org\geotools\xsd\gt-xsd-gml3\17.1\gt-xsd-gml3-17.1.jar;C:\Users\Lennart\.m2\repository\org\geotools\xsd\gt-xsd-core\17.1\gt-xsd-core-17.1.jar;C:\Users\Lennart\.m2\repository\org\geotools\gt-graph\17.1\gt-graph-17.1.jar;C:\Users\Lennart\.m2\repository\picocontainer\picocontainer\1.2\picocontainer-1.2.jar;C:\Users\Lennart\.m2\repository\commons-jxpath\commons-jxpath\1.3\commons-jxpath-1.3.jar;C:\Users\Lennart\.m2\repository\org\eclipse\emf\common\2.6.0\common-2.6.0.jar;C:\Users\Lennart\.m2\repository\org\eclipse\emf\ecore\2.6.1\ecore-2.6.1.jar;C:\Users\Lennart\.m2\repository\org\eclipse\xsd\xsd\2.6.0\xsd-2.6.0.jar;C:\Users\Lennart\.m2\repository\org\geotools\xsd\gt-xsd-gml2\17.1\gt-xsd-gml2-17.1.jar;C:\Users\Lennart\.m2\repository\com\googlecode\efficient-java-matrix-library\core\0.26\core-0.26.jar;C:\Users\Lennart\.m2\repository\it\geosolutions\imageio-ext\imageio-ext-tiff\1.2-SENTBX\imageio-ext-tiff-1.2-SENTBX.jar;C:\Users\Lennart\.m2\repository\it\geosolutions\imageio-ext\imageio-ext-utilities\1.2-SENTBX\imageio-ext-utilities-1.2-SENTBX.jar;C:\Users\Lennart\.m2\repository\commons-net\commons-net\3.3\commons-net-3.3.jar;C:\Users\Lennart\.m2\repository\com\vividsolutions\jts\1.13\jts-1.13.jar;C:\Users\Lennart\.m2\repository\net\coobird\thumbnailator\0.4.5\thumbnailator-0.4.5.jar;C:\Users\Lennart\.m2\repository\org\esa\s1tbx\s1tbx-io\7.0.0-SNAPSHOT\s1tbx-io-7.0.0-SNAPSHOT.jar;C:\Users\Lennart\.m2\repository\org\esa\snap\snap-gpf\7.0.0-SNAPSHOT\snap-gpf-7.0.0-SNAPSHOT.jar;C:\Users\Lennart\.m2\repository\org\esa\snap\ceres-metadata\7.0.0-SNAPSHOT\ceres-metadata-7.0.0-SNAPSHOT.jar;C:\Program Files\Java\jdk1.8.0_192\jre\..\lib\tools.jar;C:\Users\Lennart\.m2\repository\org\esa\snap\snap-geotiff\7.0.0-SNAPSHOT\snap-geotiff-7.0.0-SNAPSHOT.jar;C:\Users\Lennart\.m2\repository\org\esa\snap\snap-envi-reader\7.0.0-SNAPSHOT\snap-envi-reader-7.0.0-SNAPSHOT.jar;C:\Users\Lennart\.m2\repository\org\esa\snap\snap-netcdf\7.0.0-SNAPSHOT\snap-netcdf-7.0.0-SNAPSHOT.jar;C:\Users\Lennart\.m2\repository\edu\ucar\netcdf\4.3.22\netcdf-4.3.22.jar;C:\Users\Lennart\.m2\repository\edu\ucar\udunits\4.3.22\udunits-4.3.22.jar;C:\Users\Lennart\.m2\repository\org\slf4j\jcl-over-slf4j\1.7.5\jcl-over-slf4j-1.7.5.jar;C:\Users\Lennart\.m2\repository\joda-time\joda-time\2.2\joda-time-2.2.jar;C:\Users\Lennart\.m2\repository\net\jcip\jcip-annotations\1.0\jcip-annotations-1.0.jar;C:\Users\Lennart\.m2\repository\com\sun\jna\jna\3.0.9\jna-3.0.9.jar;C:\Users\Lennart\.m2\repository\org\quartz-scheduler\quartz\2.1.1\quartz-2.1.1.jar;C:\Users\Lennart\.m2\repository\c3p0\c3p0\0.9.1.1\c3p0-0.9.1.1.jar;C:\Users\Lennart\.m2\repository\com\google\protobuf\protobuf-java\2.5.0\protobuf-java-2.5.0.jar;C:\Users\Lennart\.m2\repository\net\sf\ehcache\ehcache-core\2.6.2\ehcache-core-2.6.2.jar;C:\Users\Lennart\.m2\repository\com\sleepycat\je\4.0.92\je-4.0.92.jar;C:\Users\Lennart\.m2\repository\edu\ucar\nujan\1.4.1.1\nujan-1.4.1.1.jar;C:\Users\Lennart\.m2\repository\org\slf4j\slf4j-api\1.6.6\slf4j-api-1.6.6.jar;C:\Users\Lennart\.m2\repository\org\slf4j\slf4j-simple\1.6.6\slf4j-simple-1.6.6.jar;C:\Users\Lennart\.m2\repository\org\esa\s1tbx\s1tbx-commons\7.0.0-SNAPSHOT\s1tbx-commons-7.0.0-SNAPSHOT.jar;C:\Users\Lennart\.m2\repository\com\googlecode\json-simple\json-simple\1.1.1\json-simple-1.1.1.jar;C:\Users\Lennart\.m2\repository\org\apache\commons\commons-math3\3.6.1\commons-math3-3.6.1.jar;C:\Users\Lennart\.m2\repository\com\google\guava\guava\23.0\guava-23.0.jar;C:\Users\Lennart\.m2\repository\com\google\code\findbugs\jsr305\1.3.9\jsr305-1.3.9.jar;C:\Users\Lennart\.m2\repository\com\google\errorprone\error_prone_annotations\2.0.18\error_prone_annotations-2.0.18.jar;C:\Users\Lennart\.m2\repository\com\google\j2objc\j2objc-annotations\1.1\j2objc-annotations-1.1.jar;C:\Users\Lennart\.m2\repository\org\codehaus\mojo\animal-sniffer-annotations\1.14\animal-sniffer-annotations-1.14.jar;C:\Users\Lennart\.m2\repository\uk\me\jstott\jcoord\1.0\jcoord-1.0.jar;C:\Users\Lennart\.m2\repository\org\esa\s1tbx\s1tbx-op-sar-processing\7.0.0-SNAPSHOT\s1tbx-op-sar-processing-7.0.0-SNAPSHOT.jar;C:\Users\Lennart\.m2\repository\org\esa\s1tbx\s1tbx-io-ephemeris\7.0.0-SNAPSHOT\s1tbx-io-ephemeris-7.0.0-SNAPSHOT.jar;C:\Users\Lennart\.m2\repository\org\jsoup\jsoup\1.8.3\jsoup-1.8.3.jar;C:\Users\Lennart\.m2\repository\org\apache\httpcomponents\httpclient\4.5\httpclient-4.5.jar;C:\Users\Lennart\.m2\repository\org\apache\httpcomponents\httpcore\4.4.1\httpcore-4.4.1.jar;C:\Users\Lennart\.m2\repository\org\jlinda\jlinda-core\7.0.0-SNAPSHOT\jlinda-core-7.0.0-SNAPSHOT.jar;C:\Users\Lennart\.m2\repository\org\jblas\jblas\1.2.4\jblas-1.2.4.jar;C:\Users\Lennart\.m2\repository\net\sf\trove4j\trove4j\3.0.3\trove4j-3.0.3.jar;C:\Users\Lennart\.m2\repository\org\apache\commons\commons-lang3\3.4\commons-lang3-3.4.jar;C:\Users\Lennart\.m2\repository\org\esa\snap\snap-dem\7.0.0-SNAPSHOT\snap-dem-7.0.0-SNAPSHOT.jar;C:\Users\Lennart\.m2\repository\org\esa\snap\snap-smart-configurator\7.0.0-SNAPSHOT\snap-smart-configurator-7.0.0-SNAPSHOT.jar;C:\Users\Lennart\.m2\repository\org\esa\s1tbx\s1tbx-op-insar\7.0.0-SNAPSHOT\s1tbx-op-insar-7.0.0-SNAPSHOT.jar;C:\Users\Lennart\.m2\repository\org\esa\s1tbx\s1tbx-op-calibration\7.0.0-SNAPSHOT\s1tbx-op-calibration-7.0.0-SNAPSHOT.jar;C:\Users\Lennart\.m2\repository\org\esa\snap\snap-envisat-reader\7.0.0-SNAPSHOT\snap-envisat-reader-7.0.0-SNAPSHOT.jar;C:\Users\Lennart\.m2\repository\org\esa\s1tbx\s1tbx-op-sentinel1\7.0.0-SNAPSHOT\s1tbx-op-sentinel1-7.0.0-SNAPSHOT.jar;C:\Users\Lennart\.m2\repository\org\esa\s1tbx\s1tbx-op-utilities\7.0.0-SNAPSHOT\s1tbx-op-utilities-7.0.0-SNAPSHOT.jar;C:\Users\Lennart\.m2\repository\org\esa\snap\ceres-ui\7.0.0-SNAPSHOT\ceres-ui-7.0.0-SNAPSHOT.jar;C:\Users\Lennart\.m2\repository\com\jidesoft\jide-oss\3.6.1\jide-oss-3.6.1.jar;C:\Users\Lennart\.m2\repository\org\swinglabs\swingx\swingx-all\1.6.5-1\swingx-all-1.6.5-1.jar;C:\Users\Lennart\.m2\repository\edu\emory\mathcs\jtransforms\2.3\jtransforms-2.3.jar;C:\Users\Lennart\.m2\repository\org\esa\snap\snap-engine-utilities\7.0.0-SNAPSHOT\snap-engine-utilities-7.0.0-SNAPSHOT.jar;C:\Users\Lennart\.m2\repository\commons-io\commons-io\2.4\commons-io-2.4.jar;"/>
    <property name="java.vm.vendor" value="Oracle Corporation"/>
    <property name="sun.arch.data.model" value="64"/>
    <property name="user.variant" value=""/>
    <property name="java.vendor.url" value="http://java.oracle.com/"/>
    <property name="user.timezone" value="Europe/Berlin"/>
    <property name="java.vm.specification.version" value="1.8"/>
    <property name="os.name" value="Windows 10"/>
    <property name="user.country" value="DE"/>
    <property name="sun.java.launcher" value="SUN_STANDARD"/>
    <property name="sun.boot.library.path" value="C:\Program Files\Java\jdk1.8.0_192\jre\bin"/>
    <property name="sun.java.command" value="C:\Users\Lennart\AppData\Local\Temp\surefire5757920696903763140\surefirebooter4822977246751846604.jar C:\Users\Lennart\AppData\Local\Temp\surefire5757920696903763140 2020-03-10T16-34-21_979-jvmRun1 surefire5279310890337919574tmp surefire_03252163231840958192tmp"/>
    <property name="surefire.test.class.path" value="C:\Users\Lennart\Documents\GitHub\SoPra2020\schneeimsommer\target\test-classes;C:\Users\Lennart\Documents\GitHub\SoPra2020\schneeimsommer\target\classes;C:\Users\Lennart\.m2\repository\junit\junit\4.11\junit-4.11.jar;C:\Users\Lennart\.m2\repository\org\hamcrest\hamcrest-core\1.3\hamcrest-core-1.3.jar;C:\Users\Lennart\.m2\repository\org\esa\snap\snap-core\7.0.0-SNAPSHOT\snap-core-7.0.0-SNAPSHOT.jar;C:\Users\Lennart\.m2\repository\org\esa\snap\ceres-core\7.0.0-SNAPSHOT\ceres-core-7.0.0-SNAPSHOT.jar;C:\Users\Lennart\.m2\repository\com\thoughtworks\xstream\xstream\1.4.8\xstream-1.4.8.jar;C:\Users\Lennart\.m2\repository\xmlpull\xmlpull\1.1.3.1\xmlpull-1.1.3.1.jar;C:\Users\Lennart\.m2\repository\xpp3\xpp3_min\1.1.4c\xpp3_min-1.1.4c.jar;C:\Users\Lennart\.m2\repository\org\jdom\jdom2\2.0.4\jdom2-2.0.4.jar;C:\Users\Lennart\.m2\repository\commons-lang\commons-lang\2.6\commons-lang-2.6.jar;C:\Users\Lennart\.m2\repository\commons-logging\commons-logging\1.1.1\commons-logging-1.1.1.jar;C:\Users\Lennart\.m2\repository\commons-cli\commons-cli\1.2\commons-cli-1.2.jar;C:\Users\Lennart\.m2\repository\commons-collections\commons-collections\3.2.2\commons-collections-3.2.2.jar;C:\Users\Lennart\.m2\repository\org\apache\velocity\velocity\1.7\velocity-1.7.jar;C:\Users\Lennart\.m2\repository\org\jfree\jfreechart\1.0.14\jfreechart-1.0.14.jar;C:\Users\Lennart\.m2\repository\org\jfree\jcommon\1.0.17\jcommon-1.0.17.jar;C:\Users\Lennart\.m2\repository\org\esa\snap\ceres-binding\7.0.0-SNAPSHOT\ceres-binding-7.0.0-SNAPSHOT.jar;C:\Users\Lennart\.m2\repository\org\esa\snap\ceres-binio\7.0.0-SNAPSHOT\ceres-binio-7.0.0-SNAPSHOT.jar;C:\Users\Lennart\.m2\repository\org\esa\snap\ceres-glayer\7.0.0-SNAPSHOT\ceres-glayer-7.0.0-SNAPSHOT.jar;C:\Users\Lennart\.m2\repository\org\esa\snap\ceres-jai\7.0.0-SNAPSHOT\ceres-jai-7.0.0-SNAPSHOT.jar;C:\Users\Lennart\.m2\repository\javax\media\jai\jai-core\1.1.3\jai-core-1.1.3.jar;C:\Users\Lennart\.m2\repository\javax\media\jai\jai-codec\1.1.3\jai-codec-1.1.3.jar;C:\Users\Lennart\.m2\repository\javax\media\jai\mlibwrapper-jai\1.1.3\mlibwrapper-jai-1.1.3.jar;C:\Users\Lennart\.m2\repository\com\sun\media\clibwrapper-jiio\1.2-20090918\clibwrapper-jiio-1.2-20090918.jar;C:\Users\Lennart\.m2\repository\com\sun\media\jai-imageio\1.2-SNAP-20150402\jai-imageio-1.2-SNAP-20150402.jar;C:\Users\Lennart\.m2\repository\rhino\js\1.7R1\js-1.7R1.jar;C:\Users\Lennart\.m2\repository\org\esa\snap\snap-runtime\7.0.0-SNAPSHOT\snap-runtime-7.0.0-SNAPSHOT.jar;C:\Users\Lennart\.m2\repository\org\jdom\jdom\1.1\jdom-1.1.jar;C:\Users\Lennart\.m2\repository\com\bc\jnn\jnn\1.7\jnn-1.7.jar;C:\Users\Lennart\.m2\repository\Jama\Jama\1.0.3\Jama-1.0.3.jar;C:\Users\Lennart\.m2\repository\org\geotools\gt-api\17.1\gt-api-17.1.jar;C:\Users\Lennart\.m2\repository\org\geotools\gt-main\17.1\gt-main-17.1.jar;C:\Users\Lennart\.m2\repository\org\geotools\gt-referencing\17.1\gt-referencing-17.1.jar;C:\Users\Lennart\.m2\repository\commons-pool\commons-pool\1.5.4\commons-pool-1.5.4.jar;C:\Users\Lennart\.m2\repository\org\geotools\gt-metadata\17.1\gt-metadata-17.1.jar;C:\Users\Lennart\.m2\repository\org\geotools\gt-opengis\17.1\gt-opengis-17.1.jar;C:\Users\Lennart\.m2\repository\net\java\dev\jsr-275\jsr-275\1.0-beta-2\jsr-275-1.0-beta-2.jar;C:\Users\Lennart\.m2\repository\jgridshift\jgridshift\1.0\jgridshift-1.0.jar;C:\Users\Lennart\.m2\repository\net\sf\geographiclib\GeographicLib-Java\1.44\GeographicLib-Java-1.44.jar;C:\Users\Lennart\.m2\repository\org\geotools\gt-geotiff\17.1\gt-geotiff-17.1.jar;C:\Users\Lennart\.m2\repository\org\geotools\gt-coverage\17.1\gt-coverage-17.1.jar;C:\Users\Lennart\.m2\repository\org\jaitools\jt-zonalstats\1.4.0\jt-zonalstats-1.4.0.jar;C:\Users\Lennart\.m2\repository\org\jaitools\jt-utils\1.4.0\jt-utils-1.4.0.jar;C:\Users\Lennart\.m2\repository\it\geosolutions\jaiext\affine\jt-affine\1.0.13\jt-affine-1.0.13.jar;C:\Users\Lennart\.m2\repository\it\geosolutions\jaiext\algebra\jt-algebra\1.0.13\jt-algebra-1.0.13.jar;C:\Users\Lennart\.m2\repository\it\geosolutions\jaiext\bandmerge\jt-bandmerge\1.0.13\jt-bandmerge-1.0.13.jar;C:\Users\Lennart\.m2\repository\it\geosolutions\jaiext\bandselect\jt-bandselect\1.0.13\jt-bandselect-1.0.13.jar;C:\Users\Lennart\.m2\repository\it\geosolutions\jaiext\bandcombine\jt-bandcombine\1.0.13\jt-bandcombine-1.0.13.jar;C:\Users\Lennart\.m2\repository\it\geosolutions\jaiext\border\jt-border\1.0.13\jt-border-1.0.13.jar;C:\Users\Lennart\.m2\repository\it\geosolutions\jaiext\buffer\jt-buffer\1.0.13\jt-buffer-1.0.13.jar;C:\Users\Lennart\.m2\repository\it\geosolutions\jaiext\crop\jt-crop\1.0.13\jt-crop-1.0.13.jar;C:\Users\Lennart\.m2\repository\it\geosolutions\jaiext\iterators\jt-iterators\1.0.13\jt-iterators-1.0.13.jar;C:\Users\Lennart\.m2\repository\it\geosolutions\jaiext\lookup\jt-lookup\1.0.13\jt-lookup-1.0.13.jar;C:\Users\Lennart\.m2\repository\it\geosolutions\jaiext\mosaic\jt-mosaic\1.0.13\jt-mosaic-1.0.13.jar;C:\Users\Lennart\.m2\repository\it\geosolutions\jaiext\nullop\jt-nullop\1.0.13\jt-nullop-1.0.13.jar;C:\Users\Lennart\.m2\repository\it\geosolutions\jaiext\rescale\jt-rescale\1.0.13\jt-rescale-1.0.13.jar;C:\Users\Lennart\.m2\repository\it\geosolutions\jaiext\scale\jt-scale\1.0.13\jt-scale-1.0.13.jar;C:\Users\Lennart\.m2\repository\it\geosolutions\jaiext\stats\jt-stats\1.0.13\jt-stats-1.0.13.jar;C:\Users\Lennart\.m2\repository\it\geosolutions\jaiext\translate\jt-translate\1.0.13\jt-translate-1.0.13.jar;C:\Users\Lennart\.m2\repository\it\geosolutions\jaiext\utilities\jt-utilities\1.0.13\jt-utilities-1.0.13.jar;C:\Users\Lennart\.m2\repository\it\geosolutions\jaiext\warp\jt-warp\1.0.13\jt-warp-1.0.13.jar;C:\Users\Lennart\.m2\repository\it\geosolutions\jaiext\zonal\jt-zonal\1.0.13\jt-zonal-1.0.13.jar;C:\Users\Lennart\.m2\repository\it\geosolutions\jaiext\binarize\jt-binarize\1.0.13\jt-binarize-1.0.13.jar;C:\Users\Lennart\.m2\repository\it\geosolutions\jaiext\format\jt-format\1.0.13\jt-format-1.0.13.jar;C:\Users\Lennart\.m2\repository\it\geosolutions\jaiext\colorconvert\jt-colorconvert\1.0.13\jt-colorconvert-1.0.13.jar;C:\Users\Lennart\.m2\repository\it\geosolutions\jaiext\errordiffusion\jt-errordiffusion\1.0.13\jt-errordiffusion-1.0.13.jar;C:\Users\Lennart\.m2\repository\it\geosolutions\jaiext\orderdither\jt-orderdither\1.0.13\jt-orderdither-1.0.13.jar;C:\Users\Lennart\.m2\repository\it\geosolutions\jaiext\colorindexer\jt-colorindexer\1.0.13\jt-colorindexer-1.0.13.jar;C:\Users\Lennart\.m2\repository\it\geosolutions\jaiext\imagefunction\jt-imagefunction\1.0.13\jt-imagefunction-1.0.13.jar;C:\Users\Lennart\.m2\repository\it\geosolutions\jaiext\piecewise\jt-piecewise\1.0.13\jt-piecewise-1.0.13.jar;C:\Users\Lennart\.m2\repository\it\geosolutions\jaiext\classifier\jt-classifier\1.0.13\jt-classifier-1.0.13.jar;C:\Users\Lennart\.m2\repository\it\geosolutions\jaiext\rlookup\jt-rlookup\1.0.13\jt-rlookup-1.0.13.jar;C:\Users\Lennart\.m2\repository\it\geosolutions\jaiext\vectorbin\jt-vectorbin\1.0.13\jt-vectorbin-1.0.13.jar;C:\Users\Lennart\.m2\repository\org\geotools\gt-epsg-hsql\17.1\gt-epsg-hsql-17.1.jar;C:\Users\Lennart\.m2\repository\org\hsqldb\hsqldb\2.3.0\hsqldb-2.3.0.jar;C:\Users\Lennart\.m2\repository\org\geotools\gt-shapefile\17.1\gt-shapefile-17.1.jar;C:\Users\Lennart\.m2\repository\org\geotools\gt-data\17.1\gt-data-17.1.jar;C:\Users\Lennart\.m2\repository\org\geotools\gt-cql\17.1\gt-cql-17.1.jar;C:\Users\Lennart\.m2\repository\org\geotools\gt-wms\17.1\gt-wms-17.1.jar;C:\Users\Lennart\.m2\repository\commons-httpclient\commons-httpclient\3.1\commons-httpclient-3.1.jar;C:\Users\Lennart\.m2\repository\commons-codec\commons-codec\1.2\commons-codec-1.2.jar;C:\Users\Lennart\.m2\repository\org\geotools\gt-xml\17.1\gt-xml-17.1.jar;C:\Users\Lennart\.m2\repository\org\apache\xml\xml-commons-resolver\1.2\xml-commons-resolver-1.2.jar;C:\Users\Lennart\.m2\repository\org\geotools\gt-render\17.1\gt-render-17.1.jar;C:\Users\Lennart\.m2\repository\org\geotools\xsd\gt-xsd-gml3\17.1\gt-xsd-gml3-17.1.jar;C:\Users\Lennart\.m2\repository\org\geotools\xsd\gt-xsd-core\17.1\gt-xsd-core-17.1.jar;C:\Users\Lennart\.m2\repository\org\geotools\gt-graph\17.1\gt-graph-17.1.jar;C:\Users\Lennart\.m2\repository\picocontainer\picocontainer\1.2\picocontainer-1.2.jar;C:\Users\Lennart\.m2\repository\commons-jxpath\commons-jxpath\1.3\commons-jxpath-1.3.jar;C:\Users\Lennart\.m2\repository\org\eclipse\emf\common\2.6.0\common-2.6.0.jar;C:\Users\Lennart\.m2\repository\org\eclipse\emf\ecore\2.6.1\ecore-2.6.1.jar;C:\Users\Lennart\.m2\repository\org\eclipse\xsd\xsd\2.6.0\xsd-2.6.0.jar;C:\Users\Lennart\.m2\repository\org\geotools\xsd\gt-xsd-gml2\17.1\gt-xsd-gml2-17.1.jar;C:\Users\Lennart\.m2\repository\com\googlecode\efficient-java-matrix-library\core\0.26\core-0.26.jar;C:\Users\Lennart\.m2\repository\it\geosolutions\imageio-ext\imageio-ext-tiff\1.2-SENTBX\imageio-ext-tiff-1.2-SENTBX.jar;C:\Users\Lennart\.m2\repository\it\geosolutions\imageio-ext\imageio-ext-utilities\1.2-SENTBX\imageio-ext-utilities-1.2-SENTBX.jar;C:\Users\Lennart\.m2\repository\commons-net\commons-net\3.3\commons-net-3.3.jar;C:\Users\Lennart\.m2\repository\com\vividsolutions\jts\1.13\jts-1.13.jar;C:\Users\Lennart\.m2\repository\net\coobird\thumbnailator\0.4.5\thumbnailator-0.4.5.jar;C:\Users\Lennart\.m2\repository\org\esa\s1tbx\s1tbx-io\7.0.0-SNAPSHOT\s1tbx-io-7.0.0-SNAPSHOT.jar;C:\Users\Lennart\.m2\repository\org\esa\snap\snap-gpf\7.0.0-SNAPSHOT\snap-gpf-7.0.0-SNAPSHOT.jar;C:\Users\Lennart\.m2\repository\org\esa\snap\ceres-metadata\7.0.0-SNAPSHOT\ceres-metadata-7.0.0-SNAPSHOT.jar;C:\Program Files\Java\jdk1.8.0_192\jre\..\lib\tools.jar;C:\Users\Lennart\.m2\repository\org\esa\snap\snap-geotiff\7.0.0-SNAPSHOT\snap-geotiff-7.0.0-SNAPSHOT.jar;C:\Users\Lennart\.m2\repository\org\esa\snap\snap-envi-reader\7.0.0-SNAPSHOT\snap-envi-reader-7.0.0-SNAPSHOT.jar;C:\Users\Lennart\.m2\repository\org\esa\snap\snap-netcdf\7.0.0-SNAPSHOT\snap-netcdf-7.0.0-SNAPSHOT.jar;C:\Users\Lennart\.m2\repository\edu\ucar\netcdf\4.3.22\netcdf-4.3.22.jar;C:\Users\Lennart\.m2\repository\edu\ucar\udunits\4.3.22\udunits-4.3.22.jar;C:\Users\Lennart\.m2\repository\org\slf4j\jcl-over-slf4j\1.7.5\jcl-over-slf4j-1.7.5.jar;C:\Users\Lennart\.m2\repository\joda-time\joda-time\2.2\joda-time-2.2.jar;C:\Users\Lennart\.m2\repository\net\jcip\jcip-annotations\1.0\jcip-annotations-1.0.jar;C:\Users\Lennart\.m2\repository\com\sun\jna\jna\3.0.9\jna-3.0.9.jar;C:\Users\Lennart\.m2\repository\org\quartz-scheduler\quartz\2.1.1\quartz-2.1.1.jar;C:\Users\Lennart\.m2\repository\c3p0\c3p0\0.9.1.1\c3p0-0.9.1.1.jar;C:\Users\Lennart\.m2\repository\com\google\protobuf\protobuf-java\2.5.0\protobuf-java-2.5.0.jar;C:\Users\Lennart\.m2\repository\net\sf\ehcache\ehcache-core\2.6.2\ehcache-core-2.6.2.jar;C:\Users\Lennart\.m2\repository\com\sleepycat\je\4.0.92\je-4.0.92.jar;C:\Users\Lennart\.m2\repository\edu\ucar\nujan\1.4.1.1\nujan-1.4.1.1.jar;C:\Users\Lennart\.m2\repository\org\slf4j\slf4j-api\1.6.6\slf4j-api-1.6.6.jar;C:\Users\Lennart\.m2\repository\org\slf4j\slf4j-simple\1.6.6\slf4j-simple-1.6.6.jar;C:\Users\Lennart\.m2\repository\org\esa\s1tbx\s1tbx-commons\7.0.0-SNAPSHOT\s1tbx-commons-7.0.0-SNAPSHOT.jar;C:\Users\Lennart\.m2\repository\com\googlecode\json-simple\json-simple\1.1.1\json-simple-1.1.1.jar;C:\Users\Lennart\.m2\repository\org\apache\commons\commons-math3\3.6.1\commons-math3-3.6.1.jar;C:\Users\Lennart\.m2\repository\com\google\guava\guava\23.0\guava-23.0.jar;C:\Users\Lennart\.m2\repository\com\google\code\findbugs\jsr305\1.3.9\jsr305-1.3.9.jar;C:\Users\Lennart\.m2\repository\com\google\errorprone\error_prone_annotations\2.0.18\error_prone_annotations-2.0.18.jar;C:\Users\Lennart\.m2\repository\com\google\j2objc\j2objc-annotations\1.1\j2objc-annotations-1.1.jar;C:\Users\Lennart\.m2\repository\org\codehaus\mojo\animal-sniffer-annotations\1.14\animal-sniffer-annotations-1.14.jar;C:\Users\Lennart\.m2\repository\uk\me\jstott\jcoord\1.0\jcoord-1.0.jar;C:\Users\Lennart\.m2\repository\org\esa\s1tbx\s1tbx-op-sar-processing\7.0.0-SNAPSHOT\s1tbx-op-sar-processing-7.0.0-SNAPSHOT.jar;C:\Users\Lennart\.m2\repository\org\esa\s1tbx\s1tbx-io-ephemeris\7.0.0-SNAPSHOT\s1tbx-io-ephemeris-7.0.0-SNAPSHOT.jar;C:\Users\Lennart\.m2\repository\org\jsoup\jsoup\1.8.3\jsoup-1.8.3.jar;C:\Users\Lennart\.m2\repository\org\apache\httpcomponents\httpclient\4.5\httpclient-4.5.jar;C:\Users\Lennart\.m2\repository\org\apache\httpcomponents\httpcore\4.4.1\httpcore-4.4.1.jar;C:\Users\Lennart\.m2\repository\org\jlinda\jlinda-core\7.0.0-SNAPSHOT\jlinda-core-7.0.0-SNAPSHOT.jar;C:\Users\Lennart\.m2\repository\org\jblas\jblas\1.2.4\jblas-1.2.4.jar;C:\Users\Lennart\.m2\repository\net\sf\trove4j\trove4j\3.0.3\trove4j-3.0.3.jar;C:\Users\Lennart\.m2\repository\org\apache\commons\commons-lang3\3.4\commons-lang3-3.4.jar;C:\Users\Lennart\.m2\repository\org\esa\snap\snap-dem\7.0.0-SNAPSHOT\snap-dem-7.0.0-SNAPSHOT.jar;C:\Users\Lennart\.m2\repository\org\esa\snap\snap-smart-configurator\7.0.0-SNAPSHOT\snap-smart-configurator-7.0.0-SNAPSHOT.jar;C:\Users\Lennart\.m2\repository\org\esa\s1tbx\s1tbx-op-insar\7.0.0-SNAPSHOT\s1tbx-op-insar-7.0.0-SNAPSHOT.jar;C:\Users\Lennart\.m2\repository\org\esa\s1tbx\s1tbx-op-calibration\7.0.0-SNAPSHOT\s1tbx-op-calibration-7.0.0-SNAPSHOT.jar;C:\Users\Lennart\.m2\repository\org\esa\snap\snap-envisat-reader\7.0.0-SNAPSHOT\snap-envisat-reader-7.0.0-SNAPSHOT.jar;C:\Users\Lennart\.m2\repository\org\esa\s1tbx\s1tbx-op-sentinel1\7.0.0-SNAPSHOT\s1tbx-op-sentinel1-7.0.0-SNAPSHOT.jar;C:\Users\Lennart\.m2\repository\org\esa\s1tbx\s1tbx-op-utilities\7.0.0-SNAPSHOT\s1tbx-op-utilities-7.0.0-SNAPSHOT.jar;C:\Users\Lennart\.m2\repository\org\esa\snap\ceres-ui\7.0.0-SNAPSHOT\ceres-ui-7.0.0-SNAPSHOT.jar;C:\Users\Lennart\.m2\repository\com\jidesoft\jide-oss\3.6.1\jide-oss-3.6.1.jar;C:\Users\Lennart\.m2\repository\org\swinglabs\swingx\swingx-all\1.6.5-1\swingx-all-1.6.5-1.jar;C:\Users\Lennart\.m2\repository\edu\emory\mathcs\jtransforms\2.3\jtransforms-2.3.jar;C:\Users\Lennart\.m2\repository\org\esa\snap\snap-engine-utilities\7.0.0-SNAPSHOT\snap-engine-utilities-7.0.0-SNAPSHOT.jar;C:\Users\Lennart\.m2\repository\commons-io\commons-io\2.4\commons-io-2.4.jar;"/>
    <property name="sun.cpu.endian" value="little"/>
    <property name="user.home" value="C:\Users\Lennart"/>
    <property name="user.language" value="de"/>
    <property name="java.specification.vendor" value="Oracle Corporation"/>
    <property name="java.home" value="C:\Program Files\Java\jdk1.8.0_192\jre"/>
    <property name="basedir" value="C:\Users\Lennart\Documents\GitHub\SoPra2020\schneeimsommer"/>
    <property name="file.separator" value="\"/>
    <property name="line.separator" value="&#10;"/>
    <property name="java.vm.specification.vendor" value="Oracle Corporation"/>
    <property name="java.specification.name" value="Java Platform API Specification"/>
    <property name="java.awt.graphicsenv" value="sun.awt.Win32GraphicsEnvironment"/>
    <property name="surefire.real.class.path" value="C:\Users\Lennart\AppData\Local\Temp\surefire5757920696903763140\surefirebooter4822977246751846604.jar"/>
    <property name="sun.boot.class.path" value="C:\Program Files\Java\jdk1.8.0_192\jre\lib\resources.jar;C:\Program Files\Java\jdk1.8.0_192\jre\lib\rt.jar;C:\Program Files\Java\jdk1.8.0_192\jre\lib\sunrsasign.jar;C:\Program Files\Java\jdk1.8.0_192\jre\lib\jsse.jar;C:\Program Files\Java\jdk1.8.0_192\jre\lib\jce.jar;C:\Program Files\Java\jdk1.8.0_192\jre\lib\charsets.jar;C:\Program Files\Java\jdk1.8.0_192\jre\lib\jfr.jar;C:\Program Files\Java\jdk1.8.0_192\jre\classes"/>
    <property name="user.script" value=""/>
    <property name="sun.management.compiler" value="HotSpot 64-Bit Tiered Compilers"/>
    <property name="java.runtime.version" value="1.8.0_192-b12"/>
    <property name="user.name" value="Lennart"/>
    <property name="path.separator" value=";"/>
    <property name="os.version" value="10.0"/>
    <property name="java.endorsed.dirs" value="C:\Program Files\Java\jdk1.8.0_192\jre\lib\endorsed"/>
    <property name="java.runtime.name" value="Java(TM) SE Runtime Environment"/>
    <property name="file.encoding" value="Cp1252"/>
    <property name="java.vm.name" value="Java HotSpot(TM) 64-Bit Server VM"/>
    <property name="localRepository" value="C:\Users\Lennart\.m2\repository"/>
    <property name="java.vendor.url.bug" value="http://bugreport.sun.com/bugreport/"/>
    <property name="java.io.tmpdir" value="C:\Users\Lennart\AppData\Local\Temp\"/>
    <property name="idea.version" value="2018.3.5"/>
    <property name="java.version" value="1.8.0_192"/>
    <property name="user.dir" value="C:\Users\Lennart\Documents\GitHub\SoPra2020\schneeimsommer"/>
    <property name="os.arch" value="amd64"/>
    <property name="java.vm.specification.name" value="Java Virtual Machine Specification"/>
    <property name="java.awt.printerjob" value="sun.awt.windows.WPrinterJob"/>
    <property name="sun.os.patch.level" value=""/>
    <property name="java.library.path" value="C:\Program Files\Java\jdk1.8.0_192\jre\bin;C:\WINDOWS\Sun\Java\bin;C:\WINDOWS\system32;C:\WINDOWS;C:\Program Files\Haskell\bin;C:\Program Files\Haskell Platform\8.6.3\lib\extralibs\bin;C:\Program Files\Haskell Platform\8.6.3\bin;C:\Program Files (x86)\Common Files\Oracle\Java\javapath;C:\WINDOWS\system32;C:\WINDOWS;C:\WINDOWS\System32\Wbem;C:\WINDOWS\System32\WindowsPowerShell\v1.0\;C:\WINDOWS\System32\OpenSSH\;C:\Program Files\PuTTY\;C:\Program Files\Haskell Platform\8.6.3\mingw\bin;C:\Program Files\Git\cmd;C:\Users\Lennart\AppData\Roaming\cabal\bin;C:\Users\Lennart\AppData\Roaming\local\bin;C:\Users\Lennart\AppData\Local\Microsoft\WindowsApps;C:\Users\Lennart\AppData\Local\GitHubDesktop\bin;."/>
    <property name="java.vm.info" value="mixed mode"/>
    <property name="java.vendor" value="Oracle Corporation"/>
    <property name="java.vm.version" value="25.192-b12"/>
    <property name="java.ext.dirs" value="C:\Program Files\Java\jdk1.8.0_192\jre\lib\ext;C:\WINDOWS\Sun\Java\lib\ext"/>
    <property name="sun.io.unicode.encoding" value="UnicodeLittle"/>
    <property name="java.class.version" value="52.0"/>
  </properties>
  <testcase name="shouldAnswerWithTrue" classname="org.sopra2020.schneeimsommer.AppTest" time="0.004"/>
</testsuite>